<?xml version="1.0" encoding="UTF-8"?>
<!-- Generated by org.testng.reporters.JUnitReportReporter -->
<testsuite hostname="LAPTOP-4RE7O3OA" failures="0" tests="2" name="rahulshettyacademy.tests.ErrorValidation" time="24.296" errors="0" timestamp="2023-02-16T19:43:54 IST" skipped="0">
  <testcase classname="rahulshettyacademy.tests.ErrorValidation" name="productErrorValidation" time="14.982"/>
  <system-out/>
  <testcase classname="rahulshettyacademy.tests.ErrorValidation" name="loginErrorValidation" time="9.314"/>
  <system-out/>
</testsuite> <!-- rahulshettyacademy.tests.ErrorValidation -->
